TN:D:\Projects\Libraries\guardian
SF:\src\compose\index.js
LF:5
LH:2
FN:0,
FNDA:1,
FN:16,compose
FNDA:0,compose
DA:1,0
DA:2,0
DA:3,0
DA:4,1
DA:5,1
end_of_record
TN:D:\Projects\Libraries\guardian
SF:\src\error\index.js
LF:9
LH:2
FN:0,
FNDA:1,
FN:48,GuardianError
FNDA:0,GuardianError
DA:1,1
DA:2,0
DA:3,0
DA:4,0
DA:5,0
DA:6,0
DA:7,0
DA:8,0
DA:9,1
end_of_record
TN:D:\Projects\Libraries\guardian
SF:\src\guardians\array.js
LF:33
LH:5
FN:0,
FNDA:1,
FN:164,default
FNDA:0,default
DA:1,1
DA:2,1
DA:3,1
DA:4,1
DA:5,1
DA:6,0
DA:7,0
DA:8,0
DA:9,0
DA:10,0
DA:11,0
DA:12,0
DA:13,0
DA:14,0
DA:15,0
DA:16,0
DA:17,0
DA:18,0
DA:19,0
DA:20,0
DA:21,0
DA:22,0
DA:23,0
DA:24,0
DA:25,0
DA:26,0
DA:27,0
DA:28,0
DA:29,0
DA:30,0
DA:31,0
DA:32,0
DA:33,0
end_of_record
TN:D:\Projects\Libraries\guardian
SF:\src\guardians\base64.js
LF:15
LH:4
FN:0,
FNDA:1,
FN:146,default
FNDA:0,default
DA:1,1
DA:2,1
DA:3,1
DA:4,1
DA:5,0
DA:6,0
DA:7,0
DA:8,0
DA:9,0
DA:10,0
DA:11,0
DA:12,0
DA:13,0
DA:14,0
DA:15,0
end_of_record
TN:D:\Projects\Libraries\guardian
SF:\src\guardians\between.js
LF:19
LH:5
FN:0,
FNDA:1,
FN:190,default
FNDA:0,default
DA:1,1
DA:2,1
DA:3,1
DA:4,1
DA:5,1
DA:6,0
DA:7,0
DA:8,0
DA:9,0
DA:10,0
DA:11,0
DA:12,0
DA:13,0
DA:14,0
DA:15,0
DA:16,0
DA:17,0
DA:18,0
DA:19,0
end_of_record
TN:D:\Projects\Libraries\guardian
SF:\src\guardians\bigint.js
LF:14
LH:4
FN:0,
FNDA:1,
FN:122,default
FNDA:0,default
DA:1,1
DA:2,1
DA:3,1
DA:4,1
DA:5,0
DA:6,0
DA:7,0
DA:8,0
DA:9,0
DA:10,0
DA:11,0
DA:12,0
DA:13,0
DA:14,0
end_of_record
TN:D:\Projects\Libraries\guardian
SF:\src\guardians\boolean.js
LF:14
LH:4
FN:0,
FNDA:1,
FN:124,default
FNDA:0,default
DA:1,1
DA:2,1
DA:3,1
DA:4,1
DA:5,0
DA:6,0
DA:7,0
DA:8,0
DA:9,0
DA:10,0
DA:11,0
DA:12,0
DA:13,0
DA:14,0
end_of_record
TN:D:\Projects\Libraries\guardian
SF:\src\guardians\bytes.js
LF:14
LH:4
FN:0,
FNDA:1,
FN:139,default
FNDA:0,default
DA:1,1
DA:2,1
DA:3,1
DA:4,1
DA:5,0
DA:6,0
DA:7,0
DA:8,0
DA:9,0
DA:10,0
DA:11,0
DA:12,0
DA:13,0
DA:14,0
end_of_record
TN:D:\Projects\Libraries\guardian
SF:\src\guardians\credit-card.js
LF:83
LH:32
FN:0,
FNDA:1,
FN:1212,creditCard
FNDA:0,creditCard
FN:1840,card
FNDA:0,card
FN:2237,visa
FNDA:0,visa
FN:2372,mastercard
FNDA:0,mastercard
FN:2526,americanExpress
FNDA:0,americanExpress
FN:2672,discover
FNDA:0,discover
FN:2809,diners
FNDA:0,diners
FN:2947,jcb
FNDA:0,jcb
FN:3083,unionPay
FNDA:0,unionPay
DA:1,1
DA:2,1
DA:3,1
DA:4,1
DA:5,1
DA:6,1
DA:7,1
DA:8,1
DA:9,1
DA:10,1
DA:11,1
DA:12,1
DA:13,1
DA:14,1
DA:15,1
DA:16,1
DA:17,1
DA:18,1
DA:19,1
DA:20,1
DA:21,0
DA:22,0
DA:23,0
DA:24,0
DA:25,0
DA:26,0
DA:27,0
DA:28,0
DA:29,0
DA:30,0
DA:31,0
DA:32,0
DA:33,0
DA:34,0
DA:35,0
DA:36,0
DA:37,0
DA:38,0
DA:39,1
DA:40,1
DA:41,1
DA:42,0
DA:43,0
DA:44,0
DA:45,0
DA:46,0
DA:47,0
DA:48,0
DA:49,0
DA:50,0
DA:51,0
DA:52,0
DA:53,0
DA:54,1
DA:55,1
DA:56,0
DA:57,0
DA:58,0
DA:59,1
DA:60,0
DA:61,0
DA:62,0
DA:63,1
DA:64,0
DA:65,0
DA:66,0
DA:67,1
DA:68,0
DA:69,0
DA:70,0
DA:71,1
DA:72,0
DA:73,0
DA:74,0
DA:75,1
DA:76,0
DA:77,0
DA:78,0
DA:79,1
DA:80,0
DA:81,0
DA:82,0
DA:83,1
end_of_record
TN:D:\Projects\Libraries\guardian
SF:\src\guardians\date.js
LF:14
LH:4
FN:0,
FNDA:1,
FN:144,default
FNDA:0,default
DA:1,1
DA:2,1
DA:3,1
DA:4,1
DA:5,0
DA:6,0
DA:7,0
DA:8,0
DA:9,0
DA:10,0
DA:11,0
DA:12,0
DA:13,0
DA:14,0
end_of_record
TN:D:\Projects\Libraries\guardian
SF:\src\guardians\digits.js
LF:14
LH:4
FN:0,
FNDA:1,
FN:131,default
FNDA:0,default
DA:1,1
DA:2,1
DA:3,1
DA:4,1
DA:5,0
DA:6,0
DA:7,0
DA:8,0
DA:9,0
DA:10,0
DA:11,0
DA:12,0
DA:13,0
DA:14,0
end_of_record
TN:D:\Projects\Libraries\guardian
SF:\src\guardians\domain.js
LF:17
LH:7
FN:0,
FNDA:1,
FN:240,default
FNDA:0,default
DA:1,1
DA:2,1
DA:3,1
DA:4,1
DA:5,1
DA:6,1
DA:7,0
DA:8,0
DA:9,0
DA:10,0
DA:11,0
DA:12,0
DA:13,0
DA:14,0
DA:15,0
DA:16,0
DA:17,1
end_of_record
TN:D:\Projects\Libraries\guardian
SF:\src\guardians\email.js
LF:15
LH:4
FN:0,
FNDA:1,
FN:143,default
FNDA:0,default
DA:1,1
DA:2,1
DA:3,1
DA:4,1
DA:5,0
DA:6,0
DA:7,0
DA:8,0
DA:9,0
DA:10,0
DA:11,0
DA:12,0
DA:13,0
DA:14,0
DA:15,0
end_of_record
TN:D:\Projects\Libraries\guardian
SF:\src\guardians\ends-with.js
LF:17
LH:5
FN:0,
FNDA:1,
FN:177,default
FNDA:0,default
DA:1,1
DA:2,1
DA:3,1
DA:4,1
DA:5,1
DA:6,0
DA:7,0
DA:8,0
DA:9,0
DA:10,0
DA:11,0
DA:12,0
DA:13,0
DA:14,0
DA:15,0
DA:16,0
DA:17,0
end_of_record
TN:D:\Projects\Libraries\guardian
SF:\src\guardians\finite.js
LF:14
LH:4
FN:0,
FNDA:1,
FN:129,default
FNDA:0,default
DA:1,1
DA:2,1
DA:3,1
DA:4,1
DA:5,0
DA:6,0
DA:7,0
DA:8,0
DA:9,0
DA:10,0
DA:11,0
DA:12,0
DA:13,0
DA:14,0
end_of_record
TN:D:\Projects\Libraries\guardian
SF:\src\guardians\float.js
LF:14
LH:4
FN:0,
FNDA:1,
FN:120,default
FNDA:0,default
DA:1,1
DA:2,1
DA:3,1
DA:4,1
DA:5,0
DA:6,0
DA:7,0
DA:8,0
DA:9,0
DA:10,0
DA:11,0
DA:12,0
DA:13,0
DA:14,0
end_of_record
TN:D:\Projects\Libraries\guardian
SF:\src\guardians\function.js
LF:13
LH:4
FN:0,
FNDA:1,
FN:132,default
FNDA:0,default
DA:1,1
DA:2,1
DA:3,1
DA:4,1
DA:5,0
DA:6,0
DA:7,0
DA:8,0
DA:9,0
DA:10,0
DA:11,0
DA:12,0
DA:13,0
end_of_record
TN:D:\Projects\Libraries\guardian
SF:\src\guardians\hex-color.js
LF:17
LH:7
FN:0,
FNDA:1,
FN:189,default
FNDA:0,default
DA:1,1
DA:2,1
DA:3,1
DA:4,1
DA:5,1
DA:6,1
DA:7,0
DA:8,0
DA:9,0
DA:10,0
DA:11,0
DA:12,0
DA:13,0
DA:14,0
DA:15,0
DA:16,0
DA:17,1
end_of_record
TN:D:\Projects\Libraries\guardian
SF:\src\guardians\imei.js
LF:39
LH:5
FN:0,
FNDA:1,
FN:129,isValidIMEI
FNDA:0,isValidIMEI
FN:642,default
FNDA:0,default
DA:1,1
DA:2,1
DA:3,1
DA:4,1
DA:5,0
DA:6,0
DA:7,0
DA:8,0
DA:9,0
DA:10,0
DA:11,0
DA:12,0
DA:13,0
DA:14,0
DA:15,0
DA:16,0
DA:17,0
DA:18,0
DA:19,0
DA:20,0
DA:21,0
DA:22,0
DA:23,0
DA:24,0
DA:25,0
DA:26,0
DA:27,0
DA:28,0
DA:29,1
DA:30,0
DA:31,0
DA:32,0
DA:33,0
DA:34,0
DA:35,0
DA:36,0
DA:37,0
DA:38,0
DA:39,0
end_of_record
TN:D:\Projects\Libraries\guardian
SF:\src\guardians\integer.js
LF:14
LH:4
FN:0,
FNDA:1,
FN:125,default
FNDA:0,default
DA:1,1
DA:2,1
DA:3,1
DA:4,1
DA:5,0
DA:6,0
DA:7,0
DA:8,0
DA:9,0
DA:10,0
DA:11,0
DA:12,0
DA:13,0
DA:14,0
end_of_record
TN:D:\Projects\Libraries\guardian
SF:\src\guardians\ip.js
LF:41
LH:11
FN:0,
FNDA:1,
FN:623,ip
FNDA:0,ip
FN:999,ipv4
FNDA:0,ipv4
FN:1351,ipv6
FNDA:0,ipv6
DA:1,1
DA:2,1
DA:3,1
DA:4,1
DA:5,1
DA:6,1
DA:7,1
DA:8,1
DA:9,1
DA:10,0
DA:11,0
DA:12,0
DA:13,0
DA:14,0
DA:15,0
DA:16,0
DA:17,0
DA:18,0
DA:19,0
DA:20,1
DA:21,0
DA:22,0
DA:23,0
DA:24,0
DA:25,0
DA:26,0
DA:27,0
DA:28,0
DA:29,0
DA:30,0
DA:31,1
DA:32,0
DA:33,0
DA:34,0
DA:35,0
DA:36,0
DA:37,0
DA:38,0
DA:39,0
DA:40,0
DA:41,0
end_of_record
TN:D:\Projects\Libraries\guardian
SF:\src\guardians\length.js
LF:36
LH:12
FN:0,
FNDA:1,
FN:153,length
FNDA:1,length
FN:216,
FNDA:1,
FN:572,minLength
FNDA:0,minLength
FN:993,maxLength
FNDA:0,maxLength
DA:1,1
DA:2,1
DA:3,1
DA:4,1
DA:5,1
DA:6,1
DA:7,1
DA:8,0
DA:9,0
DA:10,0
DA:11,0
DA:12,1
DA:13,1
DA:14,1
DA:15,1
DA:16,0
DA:17,0
DA:18,0
DA:19,0
DA:20,0
DA:21,0
DA:22,0
DA:23,0
DA:24,0
DA:25,0
DA:26,1
DA:27,0
DA:28,0
DA:29,0
DA:30,0
DA:31,0
DA:32,0
DA:33,0
DA:34,0
DA:35,0
DA:36,0
end_of_record
TN:D:\Projects\Libraries\guardian
SF:\src\guardians\max-value.js
LF:18
LH:5
FN:0,
FNDA:1,
FN:185,default
FNDA:0,default
DA:1,1
DA:2,1
DA:3,1
DA:4,1
DA:5,1
DA:6,0
DA:7,0
DA:8,0
DA:9,0
DA:10,0
DA:11,0
DA:12,0
DA:13,0
DA:14,0
DA:15,0
DA:16,0
DA:17,0
DA:18,0
end_of_record
TN:D:\Projects\Libraries\guardian
SF:\src\guardians\min-value.js
LF:18
LH:5
FN:0,
FNDA:1,
FN:186,default
FNDA:0,default
DA:1,1
DA:2,1
DA:3,1
DA:4,1
DA:5,1
DA:6,0
DA:7,0
DA:8,0
DA:9,0
DA:10,0
DA:11,0
DA:12,0
DA:13,0
DA:14,0
DA:15,0
DA:16,0
DA:17,0
DA:18,0
end_of_record
TN:D:\Projects\Libraries\guardian
SF:\src\guardians\not-null.js
LF:15
LH:5
FN:0,
FNDA:1,
FN:183,default
FNDA:0,default
DA:1,1
DA:2,1
DA:3,1
DA:4,1
DA:5,1
DA:6,0
DA:7,0
DA:8,0
DA:9,0
DA:10,0
DA:11,0
DA:12,0
DA:13,0
DA:14,0
DA:15,0
end_of_record
TN:D:\Projects\Libraries\guardian
SF:\src\guardians\not-number.js
LF:14
LH:4
FN:0,
FNDA:1,
FN:127,default
FNDA:0,default
DA:1,1
DA:2,1
DA:3,1
DA:4,1
DA:5,0
DA:6,0
DA:7,0
DA:8,0
DA:9,0
DA:10,0
DA:11,0
DA:12,0
DA:13,0
DA:14,0
end_of_record
TN:D:\Projects\Libraries\guardian
SF:\src\guardians\number.js
LF:14
LH:4
FN:0,
FNDA:1,
FN:122,default
FNDA:0,default
DA:1,1
DA:2,1
DA:3,1
DA:4,1
DA:5,0
DA:6,0
DA:7,0
DA:8,0
DA:9,0
DA:10,0
DA:11,0
DA:12,0
DA:13,0
DA:14,0
end_of_record
TN:D:\Projects\Libraries\guardian
SF:\src\guardians\object.js
LF:13
LH:4
FN:0,
FNDA:1,
FN:123,default
FNDA:0,default
DA:1,1
DA:2,1
DA:3,1
DA:4,1
DA:5,0
DA:6,0
DA:7,0
DA:8,0
DA:9,0
DA:10,0
DA:11,0
DA:12,0
DA:13,0
end_of_record
TN:D:\Projects\Libraries\guardian
SF:\src\guardians\pattern.js
LF:16
LH:5
FN:0,
FNDA:1,
FN:135,default
FNDA:0,default
DA:1,1
DA:2,1
DA:3,1
DA:4,1
DA:5,0
DA:6,0
DA:7,0
DA:8,0
DA:9,0
DA:10,0
DA:11,0
DA:12,0
DA:13,0
DA:14,0
DA:15,0
DA:16,1
end_of_record
TN:D:\Projects\Libraries\guardian
SF:\src\guardians\required.js
LF:14
LH:4
FN:0,
FNDA:1,
FN:122,default
FNDA:0,default
DA:1,1
DA:2,1
DA:3,1
DA:4,1
DA:5,0
DA:6,0
DA:7,0
DA:8,0
DA:9,0
DA:10,0
DA:11,0
DA:12,0
DA:13,0
DA:14,0
end_of_record
TN:D:\Projects\Libraries\guardian
SF:\src\guardians\safe-integer.js
LF:14
LH:4
FN:0,
FNDA:1,
FN:135,default
FNDA:0,default
DA:1,1
DA:2,1
DA:3,1
DA:4,1
DA:5,0
DA:6,0
DA:7,0
DA:8,0
DA:9,0
DA:10,0
DA:11,0
DA:12,0
DA:13,0
DA:14,0
end_of_record
TN:D:\Projects\Libraries\guardian
SF:\src\guardians\starts-with.js
LF:17
LH:5
FN:0,
FNDA:1,
FN:184,default
FNDA:0,default
DA:1,1
DA:2,1
DA:3,1
DA:4,1
DA:5,1
DA:6,0
DA:7,0
DA:8,0
DA:9,0
DA:10,0
DA:11,0
DA:12,0
DA:13,0
DA:14,0
DA:15,0
DA:16,0
DA:17,0
end_of_record
TN:D:\Projects\Libraries\guardian
SF:\src\guardians\string.js
LF:14
LH:4
FN:0,
FNDA:1,
FN:122,default
FNDA:0,default
DA:1,1
DA:2,1
DA:3,1
DA:4,1
DA:5,0
DA:6,0
DA:7,0
DA:8,0
DA:9,0
DA:10,0
DA:11,0
DA:12,0
DA:13,0
DA:14,0
end_of_record
TN:D:\Projects\Libraries\guardian
SF:\src\guardians\symbol.js
LF:13
LH:4
FN:0,
FNDA:1,
FN:122,default
FNDA:0,default
DA:1,1
DA:2,1
DA:3,1
DA:4,1
DA:5,0
DA:6,0
DA:7,0
DA:8,0
DA:9,0
DA:10,0
DA:11,0
DA:12,0
DA:13,0
end_of_record
TN:D:\Projects\Libraries\guardian
SF:\src\guardians\unknown.js
LF:5
LH:0
FN:0,
FNDA:1,
FN:15,default
FNDA:0,default
DA:1,0
DA:2,0
DA:3,0
DA:4,0
DA:5,0
end_of_record
TN:D:\Projects\Libraries\guardian
SF:\src\guardians\url.js
LF:17
LH:7
FN:0,
FNDA:1,
FN:574,default
FNDA:0,default
DA:1,1
DA:2,1
DA:3,1
DA:4,1
DA:5,1
DA:6,1
DA:7,0
DA:8,0
DA:9,0
DA:10,0
DA:11,0
DA:12,0
DA:13,0
DA:14,0
DA:15,0
DA:16,0
DA:17,1
end_of_record
TN:D:\Projects\Libraries\guardian
SF:\src\helpers\is-value.js
LF:1
LH:0
FN:0,
FNDA:1,
FN:15,default
FNDA:0,default
DA:1,0
end_of_record
TN:D:\Projects\Libraries\guardian
SF:\src\index.js
LF:78
LH:78
FN:0,
FNDA:1,
DA:1,1
DA:2,1
DA:3,1
DA:4,1
DA:5,1
DA:6,1
DA:7,1
DA:8,1
DA:9,1
DA:10,1
DA:11,1
DA:12,1
DA:13,1
DA:14,1
DA:15,1
DA:16,1
DA:17,1
DA:18,1
DA:19,1
DA:20,1
DA:21,1
DA:22,1
DA:23,1
DA:24,1
DA:25,1
DA:26,1
DA:27,1
DA:28,1
DA:29,1
DA:30,1
DA:31,1
DA:32,1
DA:33,1
DA:34,1
DA:35,1
DA:36,1
DA:37,1
DA:38,1
DA:39,1
DA:40,1
DA:41,1
DA:42,1
DA:43,1
DA:44,1
DA:45,1
DA:46,1
DA:47,1
DA:48,1
DA:49,1
DA:50,1
DA:51,1
DA:52,1
DA:53,1
DA:54,1
DA:55,1
DA:56,1
DA:57,1
DA:58,1
DA:59,1
DA:60,1
DA:61,1
DA:62,1
DA:63,1
DA:64,1
DA:65,1
DA:66,1
DA:67,1
DA:68,1
DA:69,1
DA:70,1
DA:71,1
DA:72,1
DA:73,1
DA:74,1
DA:75,1
DA:76,1
DA:77,1
DA:78,1
end_of_record
TN:D:\Projects\Libraries\guardian
SF:\src\info.js
LF:6
LH:3
FN:0,
FNDA:1,
FN:85,default
FNDA:0,default
DA:1,1
DA:2,1
DA:3,1
DA:4,0
DA:5,0
DA:6,0
end_of_record
TN:D:\Projects\Libraries\guardian
SF:\src\parser\index.js
LF:92
LH:28
FN:0,
FNDA:1,
FN:343,parse
FNDA:0,parse
FN:1413,safeParse
FNDA:1,safeParse
DA:1,1
DA:2,1
DA:3,1
DA:4,1
DA:5,1
DA:6,1
DA:7,1
DA:8,1
DA:9,1
DA:10,1
DA:11,0
DA:12,0
DA:13,0
DA:14,0
DA:15,0
DA:16,0
DA:17,0
DA:18,0
DA:19,0
DA:20,0
DA:21,0
DA:22,0
DA:23,0
DA:24,0
DA:25,0
DA:26,0
DA:27,0
DA:28,0
DA:29,0
DA:30,0
DA:31,0
DA:32,0
DA:33,0
DA:34,0
DA:35,0
DA:36,0
DA:37,0
DA:38,0
DA:39,0
DA:40,0
DA:41,0
DA:42,0
DA:43,0
DA:44,0
DA:45,0
DA:46,1
DA:47,1
DA:48,1
DA:49,1
DA:50,0
DA:51,0
DA:52,0
DA:53,1
DA:54,1
DA:55,1
DA:56,0
DA:57,0
DA:58,0
DA:59,0
DA:60,0
DA:61,0
DA:62,0
DA:63,0
DA:64,0
DA:65,0
DA:66,0
DA:67,0
DA:68,0
DA:69,0
DA:70,0
DA:71,0
DA:72,0
DA:73,0
DA:74,0
DA:75,0
DA:76,0
DA:77,0
DA:78,0
DA:79,0
DA:80,0
DA:81,0
DA:82,1
DA:83,1
DA:84,1
DA:85,1
DA:86,1
DA:87,1
DA:88,1
DA:89,1
DA:90,1
DA:91,1
DA:92,1
end_of_record
TN:D:\Projects\Libraries\guardian
SF:\src\pipe\index.js
LF:5
LH:2
FN:0,
FNDA:1,
FN:13,pipe
FNDA:0,pipe
DA:1,0
DA:2,0
DA:3,0
DA:4,1
DA:5,1
end_of_record